{"total": {"lines":{"total":12624,"covered":1929,"skipped":0,"pct":15.28},"statements":{"total":12624,"covered":1929,"skipped":0,"pct":15.28},"functions":{"total":190,"covered":75,"skipped":0,"pct":39.47},"branches":{"total":370,"covered":231,"skipped":0,"pct":62.43},"branchesTrue":{"total":0,"covered":0,"skipped":0,"pct":100}}
,"/home/runner/work/OS/OS/frontend/src/vite-env.d.ts": {"lines":{"total":0,"covered":0,"skipped":0,"pct":0},"functions":{"total":1,"covered":1,"skipped":0,"pct":0},"statements":{"total":0,"covered":0,"skipped":0,"pct":0},"branches":{"total":1,"covered":1,"skipped":0,"pct":0}}
,"/home/runner/work/OS/OS/frontend/src/api/assets.ts": {"lines":{"total":23,"covered":0,"skipped":0,"pct":0},"functions":{"total":1,"covered":0,"skipped":0,"pct":0},"statements":{"total":23,"covered":0,"skipped":0,"pct":0},"branches":{"total":1,"covered":0,"skipped":0,"pct":0}}
,"/home/runner/work/OS/OS/frontend/src/api/auth.ts": {"lines":{"total":57,"covered":0,"skipped":0,"pct":0},"functions":{"total":1,"covered":0,"skipped":0,"pct":0},"statements":{"total":57,"covered":0,"skipped":0,"pct":0},"branches":{"total":1,"covered":0,"skipped":0,"pct":0}}
,"/home/runner/work/OS/OS/frontend/src/api/automation.ts": {"lines":{"total":133,"covered":0,"skipped":0,"pct":0},"functions":{"total":1,"covered":0,"skipped":0,"pct":0},"statements":{"total":133,"covered":0,"skipped":0,"pct":0},"branches":{"total":1,"covered":0,"skipped":0,"pct":0}}
,"/home/runner/work/OS/OS/frontend/src/api/calendar.ts": {"lines":{"total":41,"covered":0,"skipped":0,"pct":0},"functions":{"total":1,"covered":0,"skipped":0,"pct":0},"statements":{"total":41,"covered":0,"skipped":0,"pct":0},"branches":{"total":1,"covered":0,"skipped":0,"pct":0}}
,"/home/runner/work/OS/OS/frontend/src/api/client.ts": {"lines":{"total":52,"covered":47,"skipped":0,"pct":90.38},"functions":{"total":2,"covered":2,"skipped":0,"pct":100},"statements":{"total":52,"covered":47,"skipped":0,"pct":90.38},"branches":{"total":13,"covered":8,"skipped":0,"pct":61.53}}
,"/home/runner/work/OS/OS/frontend/src/api/clientPortal.ts": {"lines":{"total":113,"covered":56,"skipped":0,"pct":49.55},"functions":{"total":35,"covered":9,"skipped":0,"pct":25.71},"statements":{"total":113,"covered":56,"skipped":0,"pct":49.55},"branches":{"total":9,"covered":9,"skipped":0,"pct":100}}
,"/home/runner/work/OS/OS/frontend/src/api/clients.ts": {"lines":{"total":190,"covered":0,"skipped":0,"pct":0},"functions":{"total":1,"covered":0,"skipped":0,"pct":0},"statements":{"total":190,"covered":0,"skipped":0,"pct":0},"branches":{"total":1,"covered":0,"skipped":0,"pct":0}}
,"/home/runner/work/OS/OS/frontend/src/api/crm.ts": {"lines":{"total":734,"covered":0,"skipped":0,"pct":0},"functions":{"total":1,"covered":0,"skipped":0,"pct":0},"statements":{"total":734,"covered":0,"skipped":0,"pct":0},"branches":{"total":1,"covered":0,"skipped":0,"pct":0}}
,"/home/runner/work/OS/OS/frontend/src/api/dashboard.ts": {"lines":{"total":50,"covered":0,"skipped":0,"pct":0},"functions":{"total":1,"covered":0,"skipped":0,"pct":0},"statements":{"total":50,"covered":0,"skipped":0,"pct":0},"branches":{"total":1,"covered":0,"skipped":0,"pct":0}}
,"/home/runner/work/OS/OS/frontend/src/api/documents.ts": {"lines":{"total":51,"covered":24,"skipped":0,"pct":47.05},"functions":{"total":11,"covered":3,"skipped":0,"pct":27.27},"statements":{"total":51,"covered":24,"skipped":0,"pct":47.05},"branches":{"total":6,"covered":3,"skipped":0,"pct":50}}
,"/home/runner/work/OS/OS/frontend/src/api/projects.ts": {"lines":{"total":22,"covered":22,"skipped":0,"pct":100},"functions":{"total":5,"covered":5,"skipped":0,"pct":100},"statements":{"total":22,"covered":22,"skipped":0,"pct":100},"branches":{"total":6,"covered":6,"skipped":0,"pct":100}}
,"/home/runner/work/OS/OS/frontend/src/api/tasks.ts": {"lines":{"total":27,"covered":0,"skipped":0,"pct":0},"functions":{"total":1,"covered":0,"skipped":0,"pct":0},"statements":{"total":27,"covered":0,"skipped":0,"pct":0},"branches":{"total":1,"covered":0,"skipped":0,"pct":0}}
,"/home/runner/work/OS/OS/frontend/src/api/timeTracking.ts": {"lines":{"total":22,"covered":0,"skipped":0,"pct":0},"functions":{"total":1,"covered":0,"skipped":0,"pct":0},"statements":{"total":22,"covered":0,"skipped":0,"pct":0},"branches":{"total":1,"covered":0,"skipped":0,"pct":0}}
,"/home/runner/work/OS/OS/frontend/src/api/tracking.ts": {"lines":{"total":45,"covered":0,"skipped":0,"pct":0},"functions":{"total":1,"covered":0,"skipped":0,"pct":0},"statements":{"total":45,"covered":0,"skipped":0,"pct":0},"branches":{"total":1,"covered":0,"skipped":0,"pct":0}}
,"/home/runner/work/OS/OS/frontend/src/api/__tests__/client.test.ts": {"lines":{"total":74,"covered":74,"skipped":0,"pct":100},"functions":{"total":1,"covered":1,"skipped":0,"pct":100},"statements":{"total":74,"covered":74,"skipped":0,"pct":100},"branches":{"total":9,"covered":9,"skipped":0,"pct":100}}
,"/home/runner/work/OS/OS/frontend/src/api/__tests__/portalApis.test.ts": {"lines":{"total":90,"covered":90,"skipped":0,"pct":100},"functions":{"total":0,"covered":0,"skipped":0,"pct":100},"statements":{"total":90,"covered":90,"skipped":0,"pct":100},"branches":{"total":16,"covered":16,"skipped":0,"pct":100}}
,"/home/runner/work/OS/OS/frontend/src/api/__tests__/projects.test.ts": {"lines":{"total":51,"covered":51,"skipped":0,"pct":100},"functions":{"total":0,"covered":0,"skipped":0,"pct":100},"statements":{"total":51,"covered":51,"skipped":0,"pct":100},"branches":{"total":8,"covered":8,"skipped":0,"pct":100}}
,"/home/runner/work/OS/OS/frontend/src/components/CommandCenter.tsx": {"lines":{"total":148,"covered":0,"skipped":0,"pct":0},"functions":{"total":1,"covered":0,"skipped":0,"pct":0},"statements":{"total":148,"covered":0,"skipped":0,"pct":0},"branches":{"total":1,"covered":0,"skipped":0,"pct":0}}
,"/home/runner/work/OS/OS/frontend/src/components/ConfirmDialog.tsx": {"lines":{"total":95,"covered":40,"skipped":0,"pct":42.1},"functions":{"total":5,"covered":2,"skipped":0,"pct":40},"statements":{"total":95,"covered":40,"skipped":0,"pct":42.1},"branches":{"total":7,"covered":5,"skipped":0,"pct":71.42}}
,"/home/runner/work/OS/OS/frontend/src/components/ErrorBoundary.tsx": {"lines":{"total":70,"covered":0,"skipped":0,"pct":0},"functions":{"total":1,"covered":0,"skipped":0,"pct":0},"statements":{"total":70,"covered":0,"skipped":0,"pct":0},"branches":{"total":1,"covered":0,"skipped":0,"pct":0}}
,"/home/runner/work/OS/OS/frontend/src/components/ErrorDisplay.tsx": {"lines":{"total":63,"covered":47,"skipped":0,"pct":74.6},"functions":{"total":1,"covered":1,"skipped":0,"pct":100},"statements":{"total":63,"covered":47,"skipped":0,"pct":74.6},"branches":{"total":9,"covered":3,"skipped":0,"pct":33.33}}
,"/home/runner/work/OS/OS/frontend/src/components/ImpersonationBanner.tsx": {"lines":{"total":123,"covered":0,"skipped":0,"pct":0},"functions":{"total":1,"covered":0,"skipped":0,"pct":0},"statements":{"total":123,"covered":0,"skipped":0,"pct":0},"branches":{"total":1,"covered":0,"skipped":0,"pct":0}}
,"/home/runner/work/OS/OS/frontend/src/components/Layout.tsx": {"lines":{"total":79,"covered":0,"skipped":0,"pct":0},"functions":{"total":1,"covered":0,"skipped":0,"pct":0},"statements":{"total":79,"covered":0,"skipped":0,"pct":0},"branches":{"total":1,"covered":0,"skipped":0,"pct":0}}
,"/home/runner/work/OS/OS/frontend/src/components/LoadingSpinner.tsx": {"lines":{"total":18,"covered":16,"skipped":0,"pct":88.88},"functions":{"total":1,"covered":1,"skipped":0,"pct":100},"statements":{"total":18,"covered":16,"skipped":0,"pct":88.88},"branches":{"total":2,"covered":1,"skipped":0,"pct":50}}
,"/home/runner/work/OS/OS/frontend/src/components/ProtectedRoute.tsx": {"lines":{"total":23,"covered":0,"skipped":0,"pct":0},"functions":{"total":1,"covered":0,"skipped":0,"pct":0},"statements":{"total":23,"covered":0,"skipped":0,"pct":0},"branches":{"total":1,"covered":0,"skipped":0,"pct":0}}
,"/home/runner/work/OS/OS/frontend/src/contexts/AuthContext.tsx": {"lines":{"total":49,"covered":44,"skipped":0,"pct":89.79},"functions":{"total":5,"covered":4,"skipped":0,"pct":80},"statements":{"total":49,"covered":44,"skipped":0,"pct":89.79},"branches":{"total":8,"covered":7,"skipped":0,"pct":87.5}}
,"/home/runner/work/OS/OS/frontend/src/contexts/ImpersonationContext.tsx": {"lines":{"total":34,"covered":0,"skipped":0,"pct":0},"functions":{"total":1,"covered":0,"skipped":0,"pct":0},"statements":{"total":34,"covered":0,"skipped":0,"pct":0},"branches":{"total":1,"covered":0,"skipped":0,"pct":0}}
,"/home/runner/work/OS/OS/frontend/src/contexts/__tests__/AuthContext.test.tsx": {"lines":{"total":84,"covered":84,"skipped":0,"pct":100},"functions":{"total":6,"covered":6,"skipped":0,"pct":100},"statements":{"total":84,"covered":84,"skipped":0,"pct":100},"branches":{"total":25,"covered":22,"skipped":0,"pct":88}}
,"/home/runner/work/OS/OS/frontend/src/pages/AssetManagement.tsx": {"lines":{"total":521,"covered":0,"skipped":0,"pct":0},"functions":{"total":1,"covered":0,"skipped":0,"pct":0},"statements":{"total":521,"covered":0,"skipped":0,"pct":0},"branches":{"total":1,"covered":0,"skipped":0,"pct":0}}
,"/home/runner/work/OS/OS/frontend/src/pages/Automation.tsx": {"lines":{"total":274,"covered":0,"skipped":0,"pct":0},"functions":{"total":1,"covered":0,"skipped":0,"pct":0},"statements":{"total":274,"covered":0,"skipped":0,"pct":0},"branches":{"total":1,"covered":0,"skipped":0,"pct":0}}
,"/home/runner/work/OS/OS/frontend/src/pages/CalendarOAuthCallback.tsx": {"lines":{"total":84,"covered":0,"skipped":0,"pct":0},"functions":{"total":1,"covered":0,"skipped":0,"pct":0},"statements":{"total":84,"covered":0,"skipped":0,"pct":0},"branches":{"total":1,"covered":0,"skipped":0,"pct":0}}
,"/home/runner/work/OS/OS/frontend/src/pages/CalendarSync.tsx": {"lines":{"total":280,"covered":0,"skipped":0,"pct":0},"functions":{"total":1,"covered":0,"skipped":0,"pct":0},"statements":{"total":280,"covered":0,"skipped":0,"pct":0},"branches":{"total":1,"covered":0,"skipped":0,"pct":0}}
,"/home/runner/work/OS/OS/frontend/src/pages/ClientPortal.tsx": {"lines":{"total":1368,"covered":523,"skipped":0,"pct":38.23},"functions":{"total":47,"covered":17,"skipped":0,"pct":36.17},"statements":{"total":1368,"covered":523,"skipped":0,"pct":38.23},"branches":{"total":133,"covered":76,"skipped":0,"pct":57.14}}
,"/home/runner/work/OS/OS/frontend/src/pages/Clients.tsx": {"lines":{"total":228,"covered":158,"skipped":0,"pct":69.29},"functions":{"total":16,"covered":11,"skipped":0,"pct":68.75},"statements":{"total":228,"covered":158,"skipped":0,"pct":69.29},"branches":{"total":21,"covered":12,"skipped":0,"pct":57.14}}
,"/home/runner/work/OS/OS/frontend/src/pages/Communications.tsx": {"lines":{"total":185,"covered":0,"skipped":0,"pct":0},"functions":{"total":1,"covered":0,"skipped":0,"pct":0},"statements":{"total":185,"covered":0,"skipped":0,"pct":0},"branches":{"total":1,"covered":0,"skipped":0,"pct":0}}
,"/home/runner/work/OS/OS/frontend/src/pages/Contracts.tsx": {"lines":{"total":318,"covered":0,"skipped":0,"pct":0},"functions":{"total":1,"covered":0,"skipped":0,"pct":0},"statements":{"total":318,"covered":0,"skipped":0,"pct":0},"branches":{"total":1,"covered":0,"skipped":0,"pct":0}}
,"/home/runner/work/OS/OS/frontend/src/pages/Dashboard.tsx": {"lines":{"total":6,"covered":0,"skipped":0,"pct":0},"functions":{"total":1,"covered":0,"skipped":0,"pct":0},"statements":{"total":6,"covered":0,"skipped":0,"pct":0},"branches":{"total":1,"covered":0,"skipped":0,"pct":0}}
,"/home/runner/work/OS/OS/frontend/src/pages/Documents.tsx": {"lines":{"total":438,"covered":0,"skipped":0,"pct":0},"functions":{"total":1,"covered":0,"skipped":0,"pct":0},"statements":{"total":438,"covered":0,"skipped":0,"pct":0},"branches":{"total":1,"covered":0,"skipped":0,"pct":0}}
,"/home/runner/work/OS/OS/frontend/src/pages/KnowledgeCenter.tsx": {"lines":{"total":272,"covered":0,"skipped":0,"pct":0},"functions":{"total":1,"covered":0,"skipped":0,"pct":0},"statements":{"total":272,"covered":0,"skipped":0,"pct":0},"branches":{"total":1,"covered":0,"skipped":0,"pct":0}}
,"/home/runner/work/OS/OS/frontend/src/pages/Login.tsx": {"lines":{"total":94,"covered":90,"skipped":0,"pct":95.74},"functions":{"total":4,"covered":4,"skipped":0,"pct":100},"statements":{"total":94,"covered":90,"skipped":0,"pct":95.74},"branches":{"total":13,"covered":10,"skipped":0,"pct":76.92}}
,"/home/runner/work/OS/OS/frontend/src/pages/ProjectKanban.tsx": {"lines":{"total":338,"covered":0,"skipped":0,"pct":0},"functions":{"total":1,"covered":0,"skipped":0,"pct":0},"statements":{"total":338,"covered":0,"skipped":0,"pct":0},"branches":{"total":1,"covered":0,"skipped":0,"pct":0}}
,"/home/runner/work/OS/OS/frontend/src/pages/Projects.tsx": {"lines":{"total":350,"covered":0,"skipped":0,"pct":0},"functions":{"total":1,"covered":0,"skipped":0,"pct":0},"statements":{"total":350,"covered":0,"skipped":0,"pct":0},"branches":{"total":1,"covered":0,"skipped":0,"pct":0}}
,"/home/runner/work/OS/OS/frontend/src/pages/Proposals.tsx": {"lines":{"total":405,"covered":0,"skipped":0,"pct":0},"functions":{"total":1,"covered":0,"skipped":0,"pct":0},"statements":{"total":405,"covered":0,"skipped":0,"pct":0},"branches":{"total":1,"covered":0,"skipped":0,"pct":0}}
,"/home/runner/work/OS/OS/frontend/src/pages/Register.tsx": {"lines":{"total":148,"covered":141,"skipped":0,"pct":95.27},"functions":{"total":4,"covered":4,"skipped":0,"pct":100},"statements":{"total":148,"covered":141,"skipped":0,"pct":95.27},"branches":{"total":16,"covered":9,"skipped":0,"pct":56.25}}
,"/home/runner/work/OS/OS/frontend/src/pages/SiteMessages.tsx": {"lines":{"total":428,"covered":0,"skipped":0,"pct":0},"functions":{"total":1,"covered":0,"skipped":0,"pct":0},"statements":{"total":428,"covered":0,"skipped":0,"pct":0},"branches":{"total":1,"covered":0,"skipped":0,"pct":0}}
,"/home/runner/work/OS/OS/frontend/src/pages/TimeTracking.tsx": {"lines":{"total":267,"covered":0,"skipped":0,"pct":0},"functions":{"total":1,"covered":0,"skipped":0,"pct":0},"statements":{"total":267,"covered":0,"skipped":0,"pct":0},"branches":{"total":1,"covered":0,"skipped":0,"pct":0}}
,"/home/runner/work/OS/OS/frontend/src/pages/TrackingDashboard.tsx": {"lines":{"total":231,"covered":0,"skipped":0,"pct":0},"functions":{"total":1,"covered":0,"skipped":0,"pct":0},"statements":{"total":231,"covered":0,"skipped":0,"pct":0},"branches":{"total":1,"covered":0,"skipped":0,"pct":0}}
,"/home/runner/work/OS/OS/frontend/src/pages/WorkflowBuilder.tsx": {"lines":{"total":353,"covered":0,"skipped":0,"pct":0},"functions":{"total":1,"covered":0,"skipped":0,"pct":0},"statements":{"total":353,"covered":0,"skipped":0,"pct":0},"branches":{"total":1,"covered":0,"skipped":0,"pct":0}}
,"/home/runner/work/OS/OS/frontend/src/pages/__tests__/ClientPortalAppointments.test.tsx": {"lines":{"total":140,"covered":140,"skipped":0,"pct":100},"functions":{"total":1,"covered":1,"skipped":0,"pct":100},"statements":{"total":140,"covered":140,"skipped":0,"pct":100},"branches":{"total":6,"covered":6,"skipped":0,"pct":100}}
,"/home/runner/work/OS/OS/frontend/src/pages/__tests__/ClientPortalProfile.test.tsx": {"lines":{"total":120,"covered":120,"skipped":0,"pct":100},"functions":{"total":1,"covered":1,"skipped":0,"pct":100},"statements":{"total":120,"covered":120,"skipped":0,"pct":100},"branches":{"total":6,"covered":6,"skipped":0,"pct":100}}
,"/home/runner/work/OS/OS/frontend/src/pages/__tests__/Clients.test.tsx": {"lines":{"total":53,"covered":53,"skipped":0,"pct":100},"functions":{"total":0,"covered":0,"skipped":0,"pct":100},"statements":{"total":53,"covered":53,"skipped":0,"pct":100},"branches":{"total":4,"covered":4,"skipped":0,"pct":100}}
,"/home/runner/work/OS/OS/frontend/src/pages/__tests__/Login.test.tsx": {"lines":{"total":47,"covered":47,"skipped":0,"pct":100},"functions":{"total":0,"covered":0,"skipped":0,"pct":100},"statements":{"total":47,"covered":47,"skipped":0,"pct":100},"branches":{"total":4,"covered":4,"skipped":0,"pct":100}}
,"/home/runner/work/OS/OS/frontend/src/pages/__tests__/Register.test.tsx": {"lines":{"total":62,"covered":62,"skipped":0,"pct":100},"functions":{"total":0,"covered":0,"skipped":0,"pct":100},"statements":{"total":62,"covered":62,"skipped":0,"pct":100},"branches":{"total":4,"covered":4,"skipped":0,"pct":100}}
,"/home/runner/work/OS/OS/frontend/src/pages/crm/Campaigns.tsx": {"lines":{"total":431,"covered":0,"skipped":0,"pct":0},"functions":{"total":1,"covered":0,"skipped":0,"pct":0},"statements":{"total":431,"covered":0,"skipped":0,"pct":0},"branches":{"total":1,"covered":0,"skipped":0,"pct":0}}
,"/home/runner/work/OS/OS/frontend/src/pages/crm/ContactGraphView.tsx": {"lines":{"total":262,"covered":0,"skipped":0,"pct":0},"functions":{"total":1,"covered":0,"skipped":0,"pct":0},"statements":{"total":262,"covered":0,"skipped":0,"pct":0},"branches":{"total":1,"covered":0,"skipped":0,"pct":0}}
,"/home/runner/work/OS/OS/frontend/src/pages/crm/DealAnalytics.tsx": {"lines":{"total":258,"covered":0,"skipped":0,"pct":0},"functions":{"total":1,"covered":0,"skipped":0,"pct":0},"statements":{"total":258,"covered":0,"skipped":0,"pct":0},"branches":{"total":1,"covered":0,"skipped":0,"pct":0}}
,"/home/runner/work/OS/OS/frontend/src/pages/crm/Deals.tsx": {"lines":{"total":432,"covered":0,"skipped":0,"pct":0},"functions":{"total":1,"covered":0,"skipped":0,"pct":0},"statements":{"total":432,"covered":0,"skipped":0,"pct":0},"branches":{"total":1,"covered":0,"skipped":0,"pct":0}}
,"/home/runner/work/OS/OS/frontend/src/pages/crm/Leads.tsx": {"lines":{"total":372,"covered":0,"skipped":0,"pct":0},"functions":{"total":1,"covered":0,"skipped":0,"pct":0},"statements":{"total":372,"covered":0,"skipped":0,"pct":0},"branches":{"total":1,"covered":0,"skipped":0,"pct":0}}
,"/home/runner/work/OS/OS/frontend/src/pages/crm/PipelineAnalytics.tsx": {"lines":{"total":183,"covered":0,"skipped":0,"pct":0},"functions":{"total":1,"covered":0,"skipped":0,"pct":0},"statements":{"total":183,"covered":0,"skipped":0,"pct":0},"branches":{"total":1,"covered":0,"skipped":0,"pct":0}}
,"/home/runner/work/OS/OS/frontend/src/pages/crm/PipelineKanban.tsx": {"lines":{"total":383,"covered":0,"skipped":0,"pct":0},"functions":{"total":1,"covered":0,"skipped":0,"pct":0},"statements":{"total":383,"covered":0,"skipped":0,"pct":0},"branches":{"total":1,"covered":0,"skipped":0,"pct":0}}
,"/home/runner/work/OS/OS/frontend/src/pages/crm/Prospects.tsx": {"lines":{"total":367,"covered":0,"skipped":0,"pct":0},"functions":{"total":1,"covered":0,"skipped":0,"pct":0},"statements":{"total":367,"covered":0,"skipped":0,"pct":0},"branches":{"total":1,"covered":0,"skipped":0,"pct":0}}
,"/home/runner/work/OS/OS/frontend/src/tracking/client.ts": {"lines":{"total":279,"covered":0,"skipped":0,"pct":0},"functions":{"total":1,"covered":1,"skipped":0,"pct":100},"statements":{"total":279,"covered":0,"skipped":0,"pct":0},"branches":{"total":1,"covered":1,"skipped":0,"pct":100}}
,"/home/runner/work/OS/OS/frontend/src/tracking/index.ts": {"lines":{"total":3,"covered":0,"skipped":0,"pct":0},"functions":{"total":1,"covered":0,"skipped":0,"pct":0},"statements":{"total":3,"covered":0,"skipped":0,"pct":0},"branches":{"total":1,"covered":0,"skipped":0,"pct":0}}
,"/home/runner/work/OS/OS/frontend/src/tracking/types.ts": {"lines":{"total":0,"covered":0,"skipped":0,"pct":0},"functions":{"total":1,"covered":1,"skipped":0,"pct":0},"statements":{"total":0,"covered":0,"skipped":0,"pct":0},"branches":{"total":1,"covered":1,"skipped":0,"pct":0}}
,"/home/runner/work/OS/OS/frontend/src/tracking/webVitals.ts": {"lines":{"total":83,"covered":0,"skipped":0,"pct":0},"functions":{"total":1,"covered":0,"skipped":0,"pct":0},"statements":{"total":83,"covered":0,"skipped":0,"pct":0},"branches":{"total":1,"covered":0,"skipped":0,"pct":0}}
}
